# JRE version: OpenJDK Runtime Environment (17.0+35) (build 17+35-2724)
# Java VM: OpenJDK 64-Bit Server VM (17+35-2724, mixed mode, sharing, tiered, compressed oops, compressed class ptrs, g1 gc, windows-amd64)
GC Precious Log:
 CPUs: 4 total, 4 available
 Memory: 3994M
 Large Page Support: Disabled
 NUMA Support: Disabled
 Compressed Oops: Enabled (32-bit)
 Heap Region Size: 1M
 Heap Min Capacity: 8M
 Heap Initial Capacity: 64M
 Heap Max Capacity: 1000M
 Pre-touch: Disabled
 Parallel Workers: 4
 Concurrent Workers: 1
 Concurrent Refinement Workers: 4
 Periodic GC: Disabled
Heap:
 garbage-first heap   total 611328K, used 586752K [0x00000000c1800000, 0x0000000100000000)
  region size 1024K, 29 young (29696K), 4 survivors (4096K)
 Metaspace       used 1233K, committed 1408K, reserved 1056768K
  class space    used 92K, committed 192K, reserved 1048576K
GC Heap History (20 events):
Event: 416.255 GC heap before
{Heap before GC invocations=169 (full 0):
 garbage-first heap   total 611328K, used 570841K [0x00000000c1800000, 0x0000000100000000)
  region size 1024K, 29 young (29696K), 4 survivors (4096K)
 Metaspace       used 1233K, committed 1408K, reserved 1056768K
  class space    used 92K, committed 192K, reserved 1048576K
}
Event: 416.271 GC heap after
{Heap after GC invocations=170 (full 0):
 garbage-first heap   total 611328K, used 546975K [0x00000000c1800000, 0x0000000100000000)
  region size 1024K, 4 young (4096K), 4 survivors (4096K)
 Metaspace       used 1233K, committed 1408K, reserved 1056768K
  class space    used 92K, committed 192K, reserved 1048576K
}
Event: 418.117 GC heap before
{Heap before GC invocations=170 (full 0):
 garbage-first heap   total 611328K, used 572575K [0x00000000c1800000, 0x0000000100000000)
  region size 1024K, 29 young (29696K), 4 survivors (4096K)
 Metaspace       used 1233K, committed 1408K, reserved 1056768K
  class space    used 92K, committed 192K, reserved 1048576K
}
Event: 418.130 GC heap after
{Heap after GC invocations=171 (full 0):
 garbage-first heap   total 611328K, used 548708K [0x00000000c1800000, 0x0000000100000000)
  region size 1024K, 4 young (4096K), 4 survivors (4096K)
 Metaspace       used 1233K, committed 1408K, reserved 1056768K
  class space    used 92K, committed 192K, reserved 1048576K
}
Event: 419.940 GC heap before
{Heap before GC invocations=171 (full 0):
 garbage-first heap   total 611328K, used 574308K [0x00000000c1800000, 0x0000000100000000)
  region size 1024K, 29 young (29696K), 4 survivors (4096K)
 Metaspace       used 1233K, committed 1408K, reserved 1056768K
  class space    used 92K, committed 192K, reserved 1048576K
}
Event: 419.957 GC heap after
{Heap after GC invocations=172 (full 0):
 garbage-first heap   total 611328K, used 550360K [0x00000000c1800000, 0x0000000100000000)
  region size 1024K, 4 young (4096K), 4 survivors (4096K)
 Metaspace       used 1233K, committed 1408K, reserved 1056768K
  class space    used 92K, committed 192K, reserved 1048576K
}
Event: 421.706 GC heap before
{Heap before GC invocations=172 (full 0):
 garbage-first heap   total 611328K, used 575960K [0x00000000c1800000, 0x0000000100000000)
  region size 1024K, 29 young (29696K), 4 survivors (4096K)
 Metaspace       used 1233K, committed 1408K, reserved 1056768K
  class space    used 92K, committed 192K, reserved 1048576K
}
Event: 421.722 GC heap after
{Heap after GC invocations=173 (full 0):
 garbage-first heap   total 611328K, used 552093K [0x00000000c1800000, 0x0000000100000000)
  region size 1024K, 4 young (4096K), 4 survivors (4096K)
 Metaspace       used 1233K, committed 1408K, reserved 1056768K
  class space    used 92K, committed 192K, reserved 1048576K
}
Event: 423.141 GC heap before
{Heap before GC invocations=173 (full 0):
 garbage-first heap   total 611328K, used 577693K [0x00000000c1800000, 0x0000000100000000)
  region size 1024K, 29 young (29696K), 4 survivors (4096K)
 Metaspace       used 1233K, committed 1408K, reserved 1056768K
  class space    used 92K, committed 192K, reserved 1048576K
}
Event: 423.216 GC heap after
{Heap after GC invocations=174 (full 0):
 garbage-first heap   total 611328K, used 553589K [0x00000000c1800000, 0x0000000100000000)
  region size 1024K, 4 young (4096K), 4 survivors (4096K)
 Metaspace       used 1233K, committed 1408K, reserved 1056768K
  class space    used 92K, committed 192K, reserved 1048576K
}
Event: 425.276 GC heap before
{Heap before GC invocations=174 (full 0):
 garbage-first heap   total 611328K, used 579189K [0x00000000c1800000, 0x0000000100000000)
  region size 1024K, 29 young (29696K), 4 survivors (4096K)
 Metaspace       used 1233K, committed 1408K, reserved 1056768K
  class space    used 92K, committed 192K, reserved 1048576K
}
Event: 425.296 GC heap after
{Heap after GC invocations=175 (full 0):
 garbage-first heap   total 611328K, used 555477K [0x00000000c1800000, 0x0000000100000000)
  region size 1024K, 4 young (4096K), 4 survivors (4096K)
 Metaspace       used 1233K, committed 1408K, reserved 1056768K
  class space    used 92K, committed 192K, reserved 1048576K
}
Event: 427.357 GC heap before
{Heap before GC invocations=175 (full 0):
 garbage-first heap   total 611328K, used 581077K [0x00000000c1800000, 0x0000000100000000)
  region size 1024K, 29 young (29696K), 4 survivors (4096K)
 Metaspace       used 1233K, committed 1408K, reserved 1056768K
  class space    used 92K, committed 192K, reserved 1048576K
}
Event: 427.374 GC heap after
{Heap after GC invocations=176 (full 0):
 garbage-first heap   total 611328K, used 557132K [0x00000000c1800000, 0x0000000100000000)
  region size 1024K, 4 young (4096K), 4 survivors (4096K)
 Metaspace       used 1233K, committed 1408K, reserved 1056768K
  class space    used 92K, committed 192K, reserved 1048576K
}
Event: 429.935 GC heap before
{Heap before GC invocations=176 (full 0):
 garbage-first heap   total 611328K, used 582732K [0x00000000c1800000, 0x0000000100000000)
  region size 1024K, 29 young (29696K), 4 survivors (4096K)
 Metaspace       used 1233K, committed 1408K, reserved 1056768K
  class space    used 92K, committed 192K, reserved 1048576K
}
Event: 429.963 GC heap after
{Heap after GC invocations=177 (full 0):
 garbage-first heap   total 611328K, used 558708K [0x00000000c1800000, 0x0000000100000000)
  region size 1024K, 4 young (4096K), 4 survivors (4096K)
 Metaspace       used 1233K, committed 1408K, reserved 1056768K
  class space    used 92K, committed 192K, reserved 1048576K
}
Event: 432.398 GC heap before
{Heap before GC invocations=177 (full 0):
 garbage-first heap   total 611328K, used 584308K [0x00000000c1800000, 0x0000000100000000)
  region size 1024K, 29 young (29696K), 4 survivors (4096K)
 Metaspace       used 1233K, committed 1408K, reserved 1056768K
  class space    used 92K, committed 192K, reserved 1048576K
}
Event: 432.417 GC heap after
{Heap after GC invocations=178 (full 0):
 garbage-first heap   total 611328K, used 560596K [0x00000000c1800000, 0x0000000100000000)
  region size 1024K, 4 young (4096K), 4 survivors (4096K)
 Metaspace       used 1233K, committed 1408K, reserved 1056768K
  class space    used 92K, committed 192K, reserved 1048576K
}
Event: 435.068 GC heap before
{Heap before GC invocations=178 (full 0):
 garbage-first heap   total 611328K, used 586196K [0x00000000c1800000, 0x0000000100000000)
  region size 1024K, 29 young (29696K), 4 survivors (4096K)
 Metaspace       used 1233K, committed 1408K, reserved 1056768K
  class space    used 92K, committed 192K, reserved 1048576K
}
Event: 435.654 GC heap after
{Heap after GC invocations=179 (full 0):
 garbage-first heap   total 611328K, used 562176K [0x00000000c1800000, 0x0000000100000000)
  region size 1024K, 4 young (4096K), 4 survivors (4096K)
 Metaspace       used 1233K, committed 1408K, reserved 1056768K
  class space    used 92K, committed 192K, reserved 1048576K
}

